= infin_add ====================================================================
= Test 1 ===================================================
$> ./a.out "0" "0" | cat -e
$> 0$

Diff OK :D
= Test 2 ===================================================
$> ./a.out "1" "0" | cat -e
$> 1$

Diff OK :D
= Test 3 ===================================================
$> ./a.out "0" "-2" | cat -e
$> -2$

Diff OK :D
= Test 4 ===================================================
$> ./a.out "21" "42" | cat -e
$> 63$

Diff OK :D
= Test 5 ===================================================
$> ./a.out "4894398524132130" "5906754239" | cat -e
$> 4894404430886369$

Diff OK :D
= Test 6 ===================================================
$> ./a.out "-4495409524185401471245" "1320806358203958045104122132132146" | cat -e
$> 1320806358199462635579936730660901
   1320806358199462635580/36730660901$ ??? in corr code !!!

Diff OK :D
= Test 7 ===================================================
$> ./a.out "-395450348096354305805" "-65849062158917658342568439612590230455643092" | cat -e
$> -65849062158917658342568835062938326809948897

Diff OK :D
Grade: 1

= Final grade: 1 ===============================================================