= check_mate ===================================================================
= Test 1 ===================================================
$> ./a.out | cat -e
$> $

Diff OK :D
= Test 2 ===================================================
$> ./a.out '...B.' '.B...' '$%^&*' '...K.' '.....' | cat -e
$> Success$

Diff OK :D
= Test 3 ===================================================
$> ./a.out  "...B." ".T..." "....." "...K." "....." | cat -e
$> Fail$

Diff OK :D
= Test 4 ===================================================
$> ./a.out "K" | cat -e
$> Fail$

Diff OK :D
= Test 5 ===================================================
$> ./a.out "BPKP" "PRP." ".Q.." "..P." | cat -e
$> Fail$

Diff OK :D
= Test 6 ===================================================
$> ./a.out "B....." "......" "......" "......" "......" ".....K" | cat -e
$> Success$

Diff OK :D
= Test 7 ===================================================
$> ./a.out "K....." "......" "......" "......" "......" ".....B" | cat -e
$> Success$

Diff OK :D
= Test 8 ===================================================
$> ./a.out '........' '........' '.P....P.' '...B.B..' '....Q...' '..R..R..' '......K.' '...R....' | cat -e
$> Fail$

Diff OK :D
Grade: 1

= Final grade: 1 ===============================================================